[07/Feb/2019 21:16:25] INFO [django.server:136] "GET / HTTP/1.1" 200 15312
[07/Feb/2019 21:16:25] WARNING [django.request:228] Not Found: /media/Logo_Bacury_Colorido.png
[07/Feb/2019 21:16:25] WARNING [django.server:136] "GET /media/Logo_Bacury_Colorido.png HTTP/1.1" 404 104
[07/Feb/2019 21:16:26] INFO [django.server:136] "GET /static/img/fav.3b48631b3564.png HTTP/1.1" 200 877
[07/Feb/2019 21:17:46] INFO [django.server:136] "GET / HTTP/1.1" 200 15312
[07/Feb/2019 21:17:46] WARNING [django.request:228] Not Found: /media/Logo_Bacury_Colorido.png
[07/Feb/2019 21:17:46] WARNING [django.server:136] "GET /media/Logo_Bacury_Colorido.png HTTP/1.1" 404 104
[07/Feb/2019 21:17:48] INFO [django.server:136] "GET /static/img/fav.3b48631b3564.png HTTP/1.1" 200 877
[07/Feb/2019 21:18:27] INFO [django.server:136] "GET / HTTP/1.1" 200 15312
[07/Feb/2019 21:18:27] WARNING [django.request:228] Not Found: /media/Logo_Bacury_Colorido.png
[07/Feb/2019 21:18:27] WARNING [django.server:136] "GET /media/Logo_Bacury_Colorido.png HTTP/1.1" 404 104
[07/Feb/2019 21:18:28] INFO [django.server:136] "GET /static/img/fav.3b48631b3564.png HTTP/1.1" 200 877
[07/Feb/2019 21:19:10] INFO [django.server:136] "GET / HTTP/1.1" 200 15312
[07/Feb/2019 21:19:10] WARNING [django.request:228] Not Found: /media/Logo_Bacury_Colorido.png
[07/Feb/2019 21:19:10] WARNING [django.server:136] "GET /media/Logo_Bacury_Colorido.png HTTP/1.1" 404 104
[07/Feb/2019 21:19:11] INFO [django.server:136] "GET /static/img/fav.3b48631b3564.png HTTP/1.1" 200 877
[07/Feb/2019 21:23:00] INFO [django.server:136] "GET / HTTP/1.1" 200 15312
[07/Feb/2019 21:23:01] WARNING [django.request:228] Not Found: /media/Logo_Bacury_Colorido.png
[07/Feb/2019 21:23:01] WARNING [django.server:136] "GET /media/Logo_Bacury_Colorido.png HTTP/1.1" 404 104
[07/Feb/2019 21:23:02] INFO [django.server:136] "GET /static/img/fav.3b48631b3564.png HTTP/1.1" 200 877
[07/Feb/2019 21:32:00] DEBUG [django.db.backends:111] (0.003) 
            SELECT name, type FROM sqlite_master
            WHERE type in ('table', 'view') AND NOT name='sqlite_sequence'
            ORDER BY name; args=None
[07/Feb/2019 21:32:00] DEBUG [django.db.backends:111] (0.000) SELECT "django_migrations"."app", "django_migrations"."name" FROM "django_migrations"; args=()
[07/Feb/2019 21:32:02] DEBUG [django.db.backends:111] (0.001) SELECT "home_boletim"."numero", "home_boletim"."arquivo", "home_boletim"."capa", "home_boletim"."resumo" FROM "home_boletim"; args=()
[07/Feb/2019 21:32:02] INFO [django.server:136] "GET / HTTP/1.1" 200 15130
[07/Feb/2019 21:32:03] INFO [django.server:136] "GET /media/Logo_Bacury_Colorido.png HTTP/1.1" 200 29447
[07/Feb/2019 21:32:03] INFO [django.server:136] "GET /static/img/santa_helena.jpg HTTP/1.1" 304 0
[07/Feb/2019 21:32:03] INFO [django.server:136] "GET /static/img/tiba.jpg HTTP/1.1" 304 0
[07/Feb/2019 21:32:04] INFO [django.server:136] "GET /static/img/fav.png HTTP/1.1" 200 877
[07/Feb/2019 21:36:35] DEBUG [django.db.backends:111] (0.000) 
            SELECT name, type FROM sqlite_master
            WHERE type in ('table', 'view') AND NOT name='sqlite_sequence'
            ORDER BY name; args=None
[07/Feb/2019 21:36:35] DEBUG [django.db.backends:111] (0.000) SELECT "django_migrations"."app", "django_migrations"."name" FROM "django_migrations"; args=()
[08/Feb/2019 14:07:13] DEBUG [django.db.backends:111] (0.004) 
            SELECT name, type FROM sqlite_master
            WHERE type in ('table', 'view') AND NOT name='sqlite_sequence'
            ORDER BY name; args=None
[08/Feb/2019 14:07:13] DEBUG [django.db.backends:111] (0.000) SELECT "django_migrations"."app", "django_migrations"."name" FROM "django_migrations"; args=()
[08/Feb/2019 14:07:26] DEBUG [django.db.backends:111] (0.171) SELECT "home_boletim"."numero", "home_boletim"."arquivo", "home_boletim"."capa", "home_boletim"."resumo" FROM "home_boletim"; args=()
[08/Feb/2019 14:07:28] INFO [django.server:136] "GET / HTTP/1.1" 200 15130
[08/Feb/2019 14:07:28] INFO [django.server:136] "GET /static/img/Capa_Facebook_Evento_EcoCult.png HTTP/1.1" 304 0
[08/Feb/2019 14:07:28] INFO [django.server:136] "GET /static/img/nome_branco.png HTTP/1.1" 304 0
[08/Feb/2019 14:07:28] INFO [django.server:136] "GET /static/img/Logo_Completo_Cultive-se.png HTTP/1.1" 304 0
[08/Feb/2019 14:07:28] INFO [django.server:136] "GET /static/img/santa_helena.jpg HTTP/1.1" 304 0
[08/Feb/2019 14:07:29] INFO [django.server:136] "GET /media/Logo_Bacury_Colorido.png HTTP/1.1" 304 0
[08/Feb/2019 14:07:29] INFO [django.server:136] "GET /static/img/tiba.jpg HTTP/1.1" 304 0
[08/Feb/2019 14:07:29] INFO [django.server:136] "GET /static/img/invernada.jpg HTTP/1.1" 304 0
[08/Feb/2019 14:07:30] INFO [django.server:136] "GET /static/img/fav.png HTTP/1.1" 200 877
[08/Feb/2019 14:07:36] INFO [django.server:136] "GET /envolvidos/ HTTP/1.1" 200 14413
[08/Feb/2019 14:07:36] INFO [django.server:136] "GET /static/img/gu_ribeiro_recorte.jpg HTTP/1.1" 304 0
[08/Feb/2019 14:07:36] INFO [django.server:136] "GET /static/img/Andre_Luiz_recorte.jpg HTTP/1.1" 304 0
[08/Feb/2019 14:07:36] INFO [django.server:136] "GET /static/img/casa_recorte.jpg HTTP/1.1" 304 0
[08/Feb/2019 14:07:36] INFO [django.server:136] "GET /static/img/artur_malheiros_corte.jpg HTTP/1.1" 304 0
[08/Feb/2019 14:07:36] INFO [django.server:136] "GET /static/img/pedrao_corte.jpg HTTP/1.1" 304 0
[08/Feb/2019 14:07:37] INFO [django.server:136] "GET /static/img/Amanda_g_recorte.jpg HTTP/1.1" 304 0
[08/Feb/2019 14:07:37] INFO [django.server:136] "GET /static/img/pet_recorte.jpg HTTP/1.1" 304 0
[08/Feb/2019 14:07:37] INFO [django.server:136] "GET /static/img/mari_fernandes_recorte.jpg HTTP/1.1" 304 0
[08/Feb/2019 14:07:37] INFO [django.server:136] "GET /static/img/rafael_rezende_recorte.jpg HTTP/1.1" 304 0
[08/Feb/2019 14:07:37] INFO [django.server:136] "GET /static/img/italo_recorte.jpg HTTP/1.1" 304 0
[08/Feb/2019 14:07:37] INFO [django.server:136] "GET /static/img/pedro_henrique_recorte.jpg HTTP/1.1" 304 0
[08/Feb/2019 14:07:37] INFO [django.server:136] "GET /static/img/julia_rodrigues_recorte.jpg HTTP/1.1" 304 0
[08/Feb/2019 14:07:37] INFO [django.server:136] "GET /static/img/Ariane_recorte.jpg HTTP/1.1" 304 0
[08/Feb/2019 14:07:37] INFO [django.server:136] "GET /static/img/pedro_saletti_recorte.jpg HTTP/1.1" 304 0
[08/Feb/2019 14:07:37] INFO [django.server:136] "GET /static/img/Lucas_Teixeira_recorte.jpg HTTP/1.1" 304 0
[08/Feb/2019 14:07:37] INFO [django.server:136] "GET /static/img/Anic_recorte.jpg HTTP/1.1" 304 0
[08/Feb/2019 14:07:37] INFO [django.server:136] "GET /static/img/kael_recorte.jpg HTTP/1.1" 304 0
[08/Feb/2019 14:07:37] INFO [django.server:136] "GET /static/img/caio_recorte.jpg HTTP/1.1" 200 40402
[08/Feb/2019 14:07:37] INFO [django.server:136] "GET /static/img/marcos_bertho_recorte.jpg HTTP/1.1" 304 0
[08/Feb/2019 14:07:37] INFO [django.server:136] "GET /static/img/Carol_recorte.jpg HTTP/1.1" 304 0
[08/Feb/2019 14:07:38] INFO [django.server:136] "GET /static/img/marcel_recorte.jpg HTTP/1.1" 304 0
[08/Feb/2019 14:07:38] INFO [django.server:136] "GET /static/img/marli_recorte.jpg HTTP/1.1" 304 0
[08/Feb/2019 14:07:38] INFO [django.server:136] "GET /static/img/vitor_monteiro_recorte.jpg HTTP/1.1" 304 0
[08/Feb/2019 14:07:38] INFO [django.server:136] "GET /static/img/Jose_recorte.jpg HTTP/1.1" 304 0
[08/Feb/2019 14:44:39] DEBUG [django.db.backends:111] (0.001) SELECT "home_boletim"."numero", "home_boletim"."arquivo", "home_boletim"."capa", "home_boletim"."resumo" FROM "home_boletim"; args=()
[08/Feb/2019 14:44:40] INFO [django.server:136] "GET / HTTP/1.1" 200 15130
[08/Feb/2019 14:44:45] INFO [django.server:136] "GET /envolvidos/ HTTP/1.1" 200 14413
[08/Feb/2019 14:44:47] INFO [django.server:136] "GET /static/img/caio_recorte.jpg HTTP/1.1" 304 0
